
Logger file opened at 01-11-2015 04:09:08
Logger file closed at 01-11-2015 04:09:10

Logger file opened at 01-11-2015 04:11:06
Logger file closed at 01-11-2015 04:11:08

Logger file opened at 01-11-2015 04:18:03
04:18:03INFO:  tree
Logger file closed at 01-11-2015 04:18:04

Logger file opened at 01-11-2015 04:18:45

Logger file opened at 01-11-2015 04:19:15
04:19:15INFO:  tree

Logger file opened at 01-11-2015 04:20:59
04:20:59INFO:  tree
Logger file closed at 01-11-2015 04:21:17
04:23:29 [INFO]:  Logger file opened at 01-11-2015 04:23:29

04:23:29 [INFO]:  tree
Logger file closed at 01-11-2015 04:23:30
04:24:14 [INFO]:  Logger file opened at 01-11-2015 04:24:14

04:24:14 [INFO]:  tree
Logger file closed at 01-11-2015 04:24:16
04:24:34 [INFO]:  Logger file opened at 01-11-2015 04:24:34

04:24:38 [INFO]:  tree
04:30:02 [INFO]:  Logger file opened at 01-11-2015 04:30:02

04:30:02 [INFO]:  tree
04:30:02 [INFO]:  tree
Logger file closed at 01-11-2015 04:30:03
